<?xml version="1.0" encoding="UTF-8"?>
<!-- Generated by org.testng.reporters.JUnitXMLReporter -->
<testsuite ignored="0" hostname="LAPTOP-3TPPPFOH" failures="0" tests="3" name="Test" time="23.646" errors="0" timestamp="2022-07-24T12:16:39 IST">
  <testcase classname="com.ZeroTestClasses.TC02VarifyWatchlistSearchBoxISEnabled" name="WatchListSearchBoxChecking" time="1.303"/>
  <testcase classname="com.ZeroTestClasses.TC_01_LogIn_DDTtest" name="loginTest" time="0.0">
    <skipped/>
  </testcase> <!-- loginTest -->
  <testcase classname="com.ZeroTestClasses.TC01VarifyLoginFunctionality" name="loginfunctionality" time="4.508"/>
</testsuite> <!-- Test -->
