<?xml version="1.0" encoding="UTF-8"?>
<testng-results ignored="0" total="1" passed="1" failed="0" skipped="0">
  <reporter-output>
  </reporter-output>
  <suite started-at="2022-07-24T17:48:11 IST" name="Suite" finished-at="2022-07-24T17:48:23 IST" duration-ms="11389">
    <groups>
    </groups>
    <test started-at="2022-07-24T17:48:11 IST" name="WatchlistTest" finished-at="2022-07-24T17:48:23 IST" duration-ms="11389">
      <class name="com.ZeroTestClasses.TC03VarifyNewStockAddToWatchlist">
        <test-method is-config="true" signature="setup(java.lang.String)[pri:0, instance:com.ZeroTestClasses.TC03VarifyNewStockAddToWatchlist@2dde1bff]" started-at="2022-07-24T17:48:11 IST" name="setup" finished-at="2022-07-24T17:48:16 IST" duration-ms="4651" status="PASS">
          <params>
            <param index="0">
              <value>
                <![CDATA[chrome]]>
              </value>
            </param>
          </params>
          <reporter-output>
          </reporter-output>
        </test-method> <!-- setup -->
        <test-method signature="stockAddtoWatchlist()[pri:0, instance:com.ZeroTestClasses.TC03VarifyNewStockAddToWatchlist@2dde1bff]" started-at="2022-07-24T17:48:16 IST" name="stockAddtoWatchlist" finished-at="2022-07-24T17:48:20 IST" duration-ms="3787" status="PASS">
          <reporter-output>
          </reporter-output>
        </test-method> <!-- stockAddtoWatchlist -->
        <test-method is-config="true" signature="teardown()[pri:0, instance:com.ZeroTestClasses.TC03VarifyNewStockAddToWatchlist@2dde1bff]" started-at="2022-07-24T17:48:20 IST" name="teardown" finished-at="2022-07-24T17:48:23 IST" duration-ms="2907" status="PASS">
          <reporter-output>
          </reporter-output>
        </test-method> <!-- teardown -->
      </class> <!-- com.ZeroTestClasses.TC03VarifyNewStockAddToWatchlist -->
    </test> <!-- WatchlistTest -->
  </suite> <!-- Suite -->
</testng-results>
